<?xml version="1.0" encoding="UTF-8"?>
<robot generator="Robot 3.1 (Python 3.6.1 on darwin)" generated="20190104 19:06:02.847" rpa="false">
<suite id="s1" name="Amazon" source="/Users/ds/PycharmProjects/AmazonAutomation/tests/amazon.robot">
<test id="s1-t1" name="Search Test Case">
<kw name="Begin Web Test" library="CommonLibrary" type="setup">
<kw name="Create Webdriver" library="SeleniumLibrary">
<doc>Creates an instance of Selenium WebDriver.</doc>
<arguments>
<arg>Chrome</arg>
<arg>executable_path=/Users/ds/Downloads/chromedriver</arg>
</arguments>
<msg timestamp="20190104 19:06:03.000" level="INFO">Creating an instance of the Chrome WebDriver.</msg>
<status status="PASS" starttime="20190104 19:06:03.000" endtime="20190104 19:06:04.961"></status>
</kw>
<status status="PASS" starttime="20190104 19:06:03.000" endtime="20190104 19:06:04.961"></status>
</kw>
<kw name="Search For Product" library="amazonApp">
<kw name="Load Web Page" library="LandingPage">
<kw name="Go To" library="SeleniumLibrary">
<doc>Navigates the active browser instance to the provided ``url``.</doc>
<arguments>
<arg>http://www.amazon.com</arg>
</arguments>
<msg timestamp="20190104 19:06:04.964" level="INFO">Opening url 'http://www.amazon.com'</msg>
<status status="PASS" starttime="20190104 19:06:04.963" endtime="20190104 19:06:08.991"></status>
</kw>
<kw name="Wait Until Page Contains" library="SeleniumLibrary">
<doc>Waits until ``text`` appears on current page.</doc>
<arguments>
<arg>Your Amazon.com</arg>
</arguments>
<status status="PASS" starttime="20190104 19:06:08.991" endtime="20190104 19:06:09.052"></status>
</kw>
<status status="PASS" starttime="20190104 19:06:04.963" endtime="20190104 19:06:09.052"></status>
</kw>
<kw name="Search Product" library="TopNav">
<kw name="Input Text" library="SeleniumLibrary">
<doc>Types the given ``text`` into text field identified by ``locator``.</doc>
<arguments>
<arg>xpath=//input[@id='twotabsearchtextbox']</arg>
<arg>Playstation 4</arg>
</arguments>
<msg timestamp="20190104 19:06:09.053" level="INFO">Typing text 'Playstation 4' into text field 'xpath=//input[@id='twotabsearchtextbox']'.</msg>
<status status="PASS" starttime="20190104 19:06:09.053" endtime="20190104 19:06:11.006"></status>
</kw>
<kw name="Click Button" library="SeleniumLibrary">
<doc>Clicks button identified by ``locator``.</doc>
<arguments>
<arg>xpath=//input[@type='submit']</arg>
</arguments>
<msg timestamp="20190104 19:06:11.007" level="INFO">Clicking button 'xpath=//input[@type='submit']'.</msg>
<status status="PASS" starttime="20190104 19:06:11.007" endtime="20190104 19:06:15.442"></status>
</kw>
<kw name="Wait Until Page Contains" library="SeleniumLibrary">
<doc>Waits until ``text`` appears on current page.</doc>
<arguments>
<arg>Playstation 4</arg>
</arguments>
<status status="PASS" starttime="20190104 19:06:15.442" endtime="20190104 19:06:15.481"></status>
</kw>
<status status="PASS" starttime="20190104 19:06:09.052" endtime="20190104 19:06:15.481"></status>
</kw>
<status status="PASS" starttime="20190104 19:06:04.962" endtime="20190104 19:06:15.481"></status>
</kw>
<kw name="End Web Test" library="CommonLibrary" type="teardown">
<kw name="Close Browser" library="SeleniumLibrary">
<doc>Closes the current browser.</doc>
<status status="PASS" starttime="20190104 19:06:15.482" endtime="20190104 19:06:15.613"></status>
</kw>
<status status="PASS" starttime="20190104 19:06:15.482" endtime="20190104 19:06:15.613"></status>
</kw>
<status status="PASS" starttime="20190104 19:06:02.999" endtime="20190104 19:06:15.613" critical="yes"></status>
</test>
<test id="s1-t2" name="Verify Login Test Case">
<kw name="Begin Web Test" library="CommonLibrary" type="setup">
<kw name="Create Webdriver" library="SeleniumLibrary">
<doc>Creates an instance of Selenium WebDriver.</doc>
<arguments>
<arg>Chrome</arg>
<arg>executable_path=/Users/ds/Downloads/chromedriver</arg>
</arguments>
<msg timestamp="20190104 19:06:15.617" level="INFO">Creating an instance of the Chrome WebDriver.</msg>
<status status="PASS" starttime="20190104 19:06:15.617" endtime="20190104 19:06:17.576"></status>
</kw>
<status status="PASS" starttime="20190104 19:06:15.616" endtime="20190104 19:06:17.577"></status>
</kw>
<kw name="Search For Product" library="amazonApp">
<kw name="Load Web Page" library="LandingPage">
<kw name="Go To" library="SeleniumLibrary">
<doc>Navigates the active browser instance to the provided ``url``.</doc>
<arguments>
<arg>http://www.amazon.com</arg>
</arguments>
<msg timestamp="20190104 19:06:17.579" level="INFO">Opening url 'http://www.amazon.com'</msg>
<status status="PASS" starttime="20190104 19:06:17.579" endtime="20190104 19:06:20.865"></status>
</kw>
<kw name="Wait Until Page Contains" library="SeleniumLibrary">
<doc>Waits until ``text`` appears on current page.</doc>
<arguments>
<arg>Your Amazon.com</arg>
</arguments>
<status status="PASS" starttime="20190104 19:06:20.866" endtime="20190104 19:06:20.908"></status>
</kw>
<status status="PASS" starttime="20190104 19:06:17.578" endtime="20190104 19:06:20.909"></status>
</kw>
<kw name="Search Product" library="TopNav">
<kw name="Input Text" library="SeleniumLibrary">
<doc>Types the given ``text`` into text field identified by ``locator``.</doc>
<arguments>
<arg>xpath=//input[@id='twotabsearchtextbox']</arg>
<arg>Playstation 4</arg>
</arguments>
<msg timestamp="20190104 19:06:20.909" level="INFO">Typing text 'Playstation 4' into text field 'xpath=//input[@id='twotabsearchtextbox']'.</msg>
<status status="PASS" starttime="20190104 19:06:20.909" endtime="20190104 19:06:22.757"></status>
</kw>
<kw name="Click Button" library="SeleniumLibrary">
<doc>Clicks button identified by ``locator``.</doc>
<arguments>
<arg>xpath=//input[@type='submit']</arg>
</arguments>
<msg timestamp="20190104 19:06:22.757" level="INFO">Clicking button 'xpath=//input[@type='submit']'.</msg>
<status status="PASS" starttime="20190104 19:06:22.757" endtime="20190104 19:06:26.559"></status>
</kw>
<kw name="Wait Until Page Contains" library="SeleniumLibrary">
<doc>Waits until ``text`` appears on current page.</doc>
<arguments>
<arg>Playstation 4</arg>
</arguments>
<status status="PASS" starttime="20190104 19:06:26.559" endtime="20190104 19:06:26.602"></status>
</kw>
<status status="PASS" starttime="20190104 19:06:20.909" endtime="20190104 19:06:26.602"></status>
</kw>
<status status="PASS" starttime="20190104 19:06:17.578" endtime="20190104 19:06:26.602"></status>
</kw>
<kw name="Select Product From Search Result" library="amazonApp">
<kw name="Click Searched Product" library="SearchResult">
<kw name="Click Link" library="SeleniumLibrary">
<doc>Clicks a link identified by ``locator``.</doc>
<arguments>
<arg>xpath=//a[contains(@title,'PlayStation 4 Slim 1TB Console')]</arg>
</arguments>
<msg timestamp="20190104 19:06:26.603" level="INFO">Clicking link 'xpath=//a[contains(@title,'PlayStation 4 Slim 1TB Console')]'.</msg>
<status status="PASS" starttime="20190104 19:06:26.603" endtime="20190104 19:06:35.167"></status>
</kw>
<kw name="Wait Until Page Contains" library="SeleniumLibrary">
<doc>Waits until ``text`` appears on current page.</doc>
<arguments>
<arg>Back to search results for</arg>
</arguments>
<status status="PASS" starttime="20190104 19:06:35.168" endtime="20190104 19:06:35.208"></status>
</kw>
<status status="PASS" starttime="20190104 19:06:26.603" endtime="20190104 19:06:35.208"></status>
</kw>
<status status="PASS" starttime="20190104 19:06:26.602" endtime="20190104 19:06:35.208"></status>
</kw>
<kw name="Add Product To Cart" library="amazonApp">
<kw name="Add To Cart" library="Product">
<kw name="Click Button" library="SeleniumLibrary">
<doc>Clicks button identified by ``locator``.</doc>
<arguments>
<arg>id=add-to-cart-button</arg>
</arguments>
<msg timestamp="20190104 19:06:35.209" level="INFO">Clicking button 'id=add-to-cart-button'.</msg>
<status status="PASS" starttime="20190104 19:06:35.209" endtime="20190104 19:06:35.408"></status>
</kw>
<kw name="Wait Until Page Contains" library="SeleniumLibrary">
<doc>Waits until ``text`` appears on current page.</doc>
<arguments>
<arg>Added to your Cart</arg>
</arguments>
<status status="PASS" starttime="20190104 19:06:35.408" endtime="20190104 19:06:35.442"></status>
</kw>
<status status="PASS" starttime="20190104 19:06:35.209" endtime="20190104 19:06:35.442"></status>
</kw>
<status status="PASS" starttime="20190104 19:06:35.208" endtime="20190104 19:06:35.442"></status>
</kw>
<kw name="Navigate To Cart and CheckOut" library="amazonApp">
<kw name="Navigate TO Cart" library="TopNav">
<kw name="Click Link" library="SeleniumLibrary">
<doc>Clicks a link identified by ``locator``.</doc>
<arguments>
<arg>xpath=//a[@id='nav-cart']</arg>
</arguments>
<msg timestamp="20190104 19:06:35.445" level="INFO">Clicking link 'xpath=//a[@id='nav-cart']'.</msg>
<status status="PASS" starttime="20190104 19:06:35.444" endtime="20190104 19:06:38.752"></status>
</kw>
<kw name="Wait Until Page Contains" library="SeleniumLibrary">
<doc>Waits until ``text`` appears on current page.</doc>
<arguments>
<arg>Subtotal</arg>
</arguments>
<status status="PASS" starttime="20190104 19:06:38.752" endtime="20190104 19:06:38.777"></status>
</kw>
<status status="PASS" starttime="20190104 19:06:35.444" endtime="20190104 19:06:38.778"></status>
</kw>
<kw name="Proceed To Check Out" library="ProductSummary">
<kw name="Click Button" library="SeleniumLibrary">
<doc>Clicks button identified by ``locator``.</doc>
<arguments>
<arg>proceedToCheckout</arg>
</arguments>
<msg timestamp="20190104 19:06:38.778" level="INFO">Clicking button 'proceedToCheckout'.</msg>
<status status="PASS" starttime="20190104 19:06:38.778" endtime="20190104 19:06:41.052"></status>
</kw>
<status status="PASS" starttime="20190104 19:06:38.778" endtime="20190104 19:06:41.052"></status>
</kw>
<kw name="Verify SignIn Page" library="SignIn">
<kw name="Page Should Contain Element" library="SeleniumLibrary">
<doc>Verifies that element ``locator`` is found on the current page.</doc>
<arguments>
<arg>signInSubmit</arg>
</arguments>
<msg timestamp="20190104 19:06:41.068" level="INFO">Current page contains element 'signInSubmit'.</msg>
<status status="PASS" starttime="20190104 19:06:41.053" endtime="20190104 19:06:41.069"></status>
</kw>
<status status="PASS" starttime="20190104 19:06:41.053" endtime="20190104 19:06:41.069"></status>
</kw>
<status status="PASS" starttime="20190104 19:06:35.443" endtime="20190104 19:06:41.069"></status>
</kw>
<kw name="End Web Test" library="CommonLibrary" type="teardown">
<kw name="Close Browser" library="SeleniumLibrary">
<doc>Closes the current browser.</doc>
<status status="PASS" starttime="20190104 19:06:41.070" endtime="20190104 19:06:41.240"></status>
</kw>
<status status="PASS" starttime="20190104 19:06:41.069" endtime="20190104 19:06:41.240"></status>
</kw>
<status status="PASS" starttime="20190104 19:06:15.615" endtime="20190104 19:06:41.241" critical="yes"></status>
</test>
<status status="PASS" starttime="20190104 19:06:02.850" endtime="20190104 19:06:41.242"></status>
</suite>
<statistics>
<total>
<stat pass="2" fail="0">Critical Tests</stat>
<stat pass="2" fail="0">All Tests</stat>
</total>
<tag>
</tag>
<suite>
<stat pass="2" fail="0" id="s1" name="Amazon">Amazon</stat>
</suite>
</statistics>
<errors>
</errors>
</robot>
